<?xml version="1.0" encoding="UTF-8"?>
<!-- Generated by org.testng.reporters.JUnitReportReporter -->
<testsuite hostname="E1340F1L" name="testNG.Sequence2" tests="2" failures="0" timestamp="16 Dec 2016 18:16:09 GMT" time="0.001" errors="0">
  <testcase name="f1" time="0.000" classname="testNG.Sequence2"/>
  <testcase name="f" time="0.001" classname="testNG.Sequence2"/>
</testsuite> <!-- testNG.Sequence2 -->
