<?xml version="1.0" encoding="UTF-8"?>
<!-- Generated by org.testng.reporters.JUnitReportReporter -->
<testsuite hostname="E1340F1L" name="test.resources.Naukri" tests="2" failures="0" timestamp="30 Jan 2017 02:22:18 GMT" time="52.479" errors="0">
  <testcase name="profile_update" time="16.474" classname="test.resources.Naukri"/>
  <testcase name="upload" time="36.005" classname="test.resources.Naukri"/>
</testsuite> <!-- test.resources.Naukri -->
