<?xml version="1.0" encoding="UTF-8"?>
<!-- Generated by org.testng.reporters.JUnitReportReporter -->
<testsuite hostname="E1340F1L" name="pratice.Naukri" tests="2" failures="0" timestamp="28 Jan 2017 07:59:33 GMT" time="27.521" errors="0">
  <testcase name="upload" time="16.757" classname="pratice.Naukri"/>
  <testcase name="profile_update" time="10.764" classname="pratice.Naukri"/>
</testsuite> <!-- pratice.Naukri -->
