<?xml version="1.0" encoding="UTF-8"?>
<!-- Generated by org.testng.reporters.JUnitReportReporter -->
<testsuite hostname="E1269F1L" name="test.Sequence" tests="2" failures="0" timestamp="30 Aug 2017 15:07:58 GMT" time="0.011" errors="0">
  <testcase name="f" time="0.006" classname="test.Sequence"/>
  <testcase name="f1" time="0.005" classname="test.Sequence"/>
</testsuite> <!-- test.Sequence -->
