<?xml version="1.0" encoding="UTF-8"?>
<!-- Generated by org.testng.reporters.JUnitReportReporter -->
<testsuite hostname="E1269F1L" name="restAssured.sampleRestAssured" tests="1" failures="0" timestamp="1 Nov 2017 15:49:56 GMT" time="1.651" errors="0">
  <testcase name="test_cmeActivity" time="1.651" classname="restAssured.sampleRestAssured"/>
</testsuite> <!-- restAssured.sampleRestAssured -->
